<?xml version="1.0" encoding="UTF-8"?>
<!-- Generated by org.testng.reporters.JUnitReportReporter -->
<testsuite hostname="JAVA" name="example.PrintName" tests="2" failures="0" timestamp="16 Sep 2014 07:15:21 GMT" time="0.015" errors="0">
  <testcase name="displayBUName" time="0.000" classname="example.PrintName"/>
  <testcase name="displayName" time="0.015" classname="example.PrintName"/>
</testsuite> <!-- example.PrintName -->
