<?xml version="1.0" encoding="UTF-8"?>
<!-- Generated by org.testng.reporters.JUnitReportReporter -->
<testsuite hostname="JAVA" name="test.ExampleTest1" tests="1" failures="0" timestamp="16 Sep 2014 07:13:13 GMT" time="0.000" errors="0">
  <testcase name="methodEx1" time="0.000" classname="test.ExampleTest1"/>
</testsuite> <!-- test.ExampleTest1 -->
