<?xml version="1.0" encoding="UTF-8"?>
<!-- Generated by org.testng.reporters.JUnitReportReporter -->
<testsuite hostname="JAVA" name="test.ExampleTest2" tests="1" failures="0" timestamp="16 Sep 2014 06:45:54 GMT" time="0.000" errors="0">
  <testcase name="methodEx2" time="0.000" classname="test.ExampleTest2"/>
</testsuite> <!-- test.ExampleTest2 -->
